[2.204s] DEBUG:colcon:Command line arguments: ['/usr/bin/colcon', 'build', '--symlink-install']
[2.204s] DEBUG:colcon:Parsed command line arguments: Namespace(log_base=None, log_level=None, verb_name='build', build_base='build', install_base='install', merge_install=False, symlink_install=True, test_result_base=None, continue_on_error=False, executor='parallel', parallel_workers=4, event_handlers=None, ignore_user_meta=False, metas=['./colcon.meta'], base_paths=['.'], packages_ignore=None, packages_ignore_regex=None, paths=None, packages_up_to=None, packages_up_to_regex=None, packages_above=None, packages_above_and_dependencies=None, packages_above_depth=None, packages_select_by_dep=None, packages_skip_by_dep=None, packages_skip_up_to=None, packages_select_build_failed=False, packages_skip_build_finished=False, packages_select_test_failures=False, packages_skip_test_passed=False, packages_select=None, packages_skip=None, packages_select_regex=None, packages_skip_regex=None, packages_start=None, packages_end=None, allow_overriding=[], cmake_args=None, cmake_target=None, cmake_target_skip_unavailable=False, cmake_clean_cache=False, cmake_clean_first=False, cmake_force_configure=False, ament_cmake_args=None, catkin_cmake_args=None, catkin_skip_building_tests=False, verb_parser=<colcon_defaults.argument_parser.defaults.DefaultArgumentsDecorator object at 0xffffa1a2acb0>, verb_extension=<colcon_core.verb.build.BuildVerb object at 0xffffa197b970>, main=<bound method BuildVerb.main of <colcon_core.verb.build.BuildVerb object at 0xffffa197b970>>)
[2.450s] Level 1:colcon.colcon_core.package_discovery:discover_packages(colcon_meta) check parameters
[2.451s] Level 1:colcon.colcon_core.package_discovery:discover_packages(recursive) check parameters
[2.451s] Level 1:colcon.colcon_core.package_discovery:discover_packages(ignore) check parameters
[2.451s] Level 1:colcon.colcon_core.package_discovery:discover_packages(path) check parameters
[2.451s] Level 1:colcon.colcon_core.package_discovery:discover_packages(colcon_meta) discover
[2.451s] Level 1:colcon.colcon_core.package_discovery:discover_packages(recursive) discover
[2.452s] INFO:colcon.colcon_core.package_discovery:Crawling recursively for packages in '/home/oscar/robot_ws'
[2.452s] Level 1:colcon.colcon_core.package_identification:_identify(.) by extensions ['ignore', 'ignore_ament_install']
[2.452s] Level 1:colcon.colcon_core.package_identification:_identify(.) by extension 'ignore'
[2.453s] Level 1:colcon.colcon_core.package_identification:_identify(.) by extension 'ignore_ament_install'
[2.453s] Level 1:colcon.colcon_core.package_identification:_identify(.) by extensions ['colcon_pkg']
[2.453s] Level 1:colcon.colcon_core.package_identification:_identify(.) by extension 'colcon_pkg'
[2.453s] Level 1:colcon.colcon_core.package_identification:_identify(.) by extensions ['colcon_meta']
[2.454s] Level 1:colcon.colcon_core.package_identification:_identify(.) by extension 'colcon_meta'
[2.454s] Level 1:colcon.colcon_core.package_identification:_identify(.) by extensions ['ros']
[2.454s] Level 1:colcon.colcon_core.package_identification:_identify(.) by extension 'ros'
[2.530s] Level 1:colcon.colcon_core.package_identification:_identify(.) by extensions ['cmake', 'python']
[2.531s] Level 1:colcon.colcon_core.package_identification:_identify(.) by extension 'cmake'
[2.531s] Level 1:colcon.colcon_core.package_identification:_identify(.) by extension 'python'
[2.531s] Level 1:colcon.colcon_core.package_identification:_identify(.) by extensions ['python_setup_py']
[2.531s] Level 1:colcon.colcon_core.package_identification:_identify(.) by extension 'python_setup_py'
[2.532s] Level 1:colcon.colcon_core.package_identification:_identify(build) by extensions ['ignore', 'ignore_ament_install']
[2.532s] Level 1:colcon.colcon_core.package_identification:_identify(build) by extension 'ignore'
[2.532s] Level 1:colcon.colcon_core.package_identification:_identify(build) ignored
[2.533s] Level 1:colcon.colcon_core.package_identification:_identify(install) by extensions ['ignore', 'ignore_ament_install']
[2.533s] Level 1:colcon.colcon_core.package_identification:_identify(install) by extension 'ignore'
[2.534s] Level 1:colcon.colcon_core.package_identification:_identify(install) ignored
[2.534s] Level 1:colcon.colcon_core.package_identification:_identify(log) by extensions ['ignore', 'ignore_ament_install']
[2.534s] Level 1:colcon.colcon_core.package_identification:_identify(log) by extension 'ignore'
[2.535s] Level 1:colcon.colcon_core.package_identification:_identify(log) ignored
[2.535s] Level 1:colcon.colcon_core.package_identification:_identify(src) by extensions ['ignore', 'ignore_ament_install']
[2.535s] Level 1:colcon.colcon_core.package_identification:_identify(src) by extension 'ignore'
[2.536s] Level 1:colcon.colcon_core.package_identification:_identify(src) by extension 'ignore_ament_install'
[2.536s] Level 1:colcon.colcon_core.package_identification:_identify(src) by extensions ['colcon_pkg']
[2.536s] Level 1:colcon.colcon_core.package_identification:_identify(src) by extension 'colcon_pkg'
[2.536s] Level 1:colcon.colcon_core.package_identification:_identify(src) by extensions ['colcon_meta']
[2.536s] Level 1:colcon.colcon_core.package_identification:_identify(src) by extension 'colcon_meta'
[2.536s] Level 1:colcon.colcon_core.package_identification:_identify(src) by extensions ['ros']
[2.537s] Level 1:colcon.colcon_core.package_identification:_identify(src) by extension 'ros'
[2.537s] Level 1:colcon.colcon_core.package_identification:_identify(src) by extensions ['cmake', 'python']
[2.537s] Level 1:colcon.colcon_core.package_identification:_identify(src) by extension 'cmake'
[2.537s] Level 1:colcon.colcon_core.package_identification:_identify(src) by extension 'python'
[2.538s] Level 1:colcon.colcon_core.package_identification:_identify(src) by extensions ['python_setup_py']
[2.538s] Level 1:colcon.colcon_core.package_identification:_identify(src) by extension 'python_setup_py'
[2.538s] Level 1:colcon.colcon_core.package_identification:_identify(src/diffdrive_arduino) by extensions ['ignore', 'ignore_ament_install']
[2.539s] Level 1:colcon.colcon_core.package_identification:_identify(src/diffdrive_arduino) by extension 'ignore'
[2.539s] Level 1:colcon.colcon_core.package_identification:_identify(src/diffdrive_arduino) by extension 'ignore_ament_install'
[2.539s] Level 1:colcon.colcon_core.package_identification:_identify(src/diffdrive_arduino) by extensions ['colcon_pkg']
[2.539s] Level 1:colcon.colcon_core.package_identification:_identify(src/diffdrive_arduino) by extension 'colcon_pkg'
[2.539s] Level 1:colcon.colcon_core.package_identification:_identify(src/diffdrive_arduino) by extensions ['colcon_meta']
[2.540s] Level 1:colcon.colcon_core.package_identification:_identify(src/diffdrive_arduino) by extension 'colcon_meta'
[2.540s] Level 1:colcon.colcon_core.package_identification:_identify(src/diffdrive_arduino) by extensions ['ros']
[2.540s] Level 1:colcon.colcon_core.package_identification:_identify(src/diffdrive_arduino) by extension 'ros'
[2.553s] DEBUG:colcon.colcon_core.package_identification:Package 'src/diffdrive_arduino' with type 'ros.ament_cmake' and name 'diffdrive_arduino'
[2.554s] Level 1:colcon.colcon_core.package_identification:_identify(src/rplidar_ros2) by extensions ['ignore', 'ignore_ament_install']
[2.555s] Level 1:colcon.colcon_core.package_identification:_identify(src/rplidar_ros2) by extension 'ignore'
[2.555s] Level 1:colcon.colcon_core.package_identification:_identify(src/rplidar_ros2) by extension 'ignore_ament_install'
[2.555s] Level 1:colcon.colcon_core.package_identification:_identify(src/rplidar_ros2) by extensions ['colcon_pkg']
[2.556s] Level 1:colcon.colcon_core.package_identification:_identify(src/rplidar_ros2) by extension 'colcon_pkg'
[2.556s] Level 1:colcon.colcon_core.package_identification:_identify(src/rplidar_ros2) by extensions ['colcon_meta']
[2.556s] Level 1:colcon.colcon_core.package_identification:_identify(src/rplidar_ros2) by extension 'colcon_meta'
[2.556s] Level 1:colcon.colcon_core.package_identification:_identify(src/rplidar_ros2) by extensions ['ros']
[2.556s] Level 1:colcon.colcon_core.package_identification:_identify(src/rplidar_ros2) by extension 'ros'
[2.559s] DEBUG:colcon.colcon_core.package_identification:Package 'src/rplidar_ros2' with type 'ros.ament_cmake' and name 'rplidar_ros'
[2.560s] Level 1:colcon.colcon_core.package_discovery:discover_packages(recursive) using defaults
[2.560s] Level 1:colcon.colcon_core.package_discovery:discover_packages(ignore) discover
[2.560s] Level 1:colcon.colcon_core.package_discovery:discover_packages(ignore) using defaults
[2.560s] Level 1:colcon.colcon_core.package_discovery:discover_packages(path) discover
[2.561s] Level 1:colcon.colcon_core.package_discovery:discover_packages(path) using defaults
[2.721s] Level 1:colcon.colcon_core.package_discovery:discover_packages(prefix_path) check parameters
[2.721s] Level 1:colcon.colcon_core.package_discovery:discover_packages(prefix_path) discover
[2.750s] DEBUG:colcon.colcon_installed_package_information.package_discovery:Found 306 installed packages in /opt/ros/humble
[2.758s] Level 1:colcon.colcon_core.package_discovery:discover_packages(prefix_path) using defaults
[3.078s] Level 5:colcon.colcon_core.verb:set package 'diffdrive_arduino' build argument 'cmake_args' from command line to 'None'
[3.078s] Level 5:colcon.colcon_core.verb:set package 'diffdrive_arduino' build argument 'cmake_target' from command line to 'None'
[3.078s] Level 5:colcon.colcon_core.verb:set package 'diffdrive_arduino' build argument 'cmake_target_skip_unavailable' from command line to 'False'
[3.079s] Level 5:colcon.colcon_core.verb:set package 'diffdrive_arduino' build argument 'cmake_clean_cache' from command line to 'False'
[3.079s] Level 5:colcon.colcon_core.verb:set package 'diffdrive_arduino' build argument 'cmake_clean_first' from command line to 'False'
[3.079s] Level 5:colcon.colcon_core.verb:set package 'diffdrive_arduino' build argument 'cmake_force_configure' from command line to 'False'
[3.079s] Level 5:colcon.colcon_core.verb:set package 'diffdrive_arduino' build argument 'ament_cmake_args' from command line to 'None'
[3.079s] Level 5:colcon.colcon_core.verb:set package 'diffdrive_arduino' build argument 'catkin_cmake_args' from command line to 'None'
[3.079s] Level 5:colcon.colcon_core.verb:set package 'diffdrive_arduino' build argument 'catkin_skip_building_tests' from command line to 'False'
[3.079s] DEBUG:colcon.colcon_core.verb:Building package 'diffdrive_arduino' with the following arguments: {'ament_cmake_args': None, 'build_base': '/home/oscar/robot_ws/build/diffdrive_arduino', 'catkin_cmake_args': None, 'catkin_skip_building_tests': False, 'cmake_args': None, 'cmake_clean_cache': False, 'cmake_clean_first': False, 'cmake_force_configure': False, 'cmake_target': None, 'cmake_target_skip_unavailable': False, 'install_base': '/home/oscar/robot_ws/install/diffdrive_arduino', 'merge_install': False, 'path': '/home/oscar/robot_ws/src/diffdrive_arduino', 'symlink_install': True, 'test_result_base': None}
[3.084s] Level 5:colcon.colcon_core.verb:set package 'rplidar_ros' build argument 'cmake_args' from command line to 'None'
[3.084s] Level 5:colcon.colcon_core.verb:set package 'rplidar_ros' build argument 'cmake_target' from command line to 'None'
[3.084s] Level 5:colcon.colcon_core.verb:set package 'rplidar_ros' build argument 'cmake_target_skip_unavailable' from command line to 'False'
[3.084s] Level 5:colcon.colcon_core.verb:set package 'rplidar_ros' build argument 'cmake_clean_cache' from command line to 'False'
[3.084s] Level 5:colcon.colcon_core.verb:set package 'rplidar_ros' build argument 'cmake_clean_first' from command line to 'False'
[3.085s] Level 5:colcon.colcon_core.verb:set package 'rplidar_ros' build argument 'cmake_force_configure' from command line to 'False'
[3.085s] Level 5:colcon.colcon_core.verb:set package 'rplidar_ros' build argument 'ament_cmake_args' from command line to 'None'
[3.085s] Level 5:colcon.colcon_core.verb:set package 'rplidar_ros' build argument 'catkin_cmake_args' from command line to 'None'
[3.085s] Level 5:colcon.colcon_core.verb:set package 'rplidar_ros' build argument 'catkin_skip_building_tests' from command line to 'False'
[3.085s] DEBUG:colcon.colcon_core.verb:Building package 'rplidar_ros' with the following arguments: {'ament_cmake_args': None, 'build_base': '/home/oscar/robot_ws/build/rplidar_ros', 'catkin_cmake_args': None, 'catkin_skip_building_tests': False, 'cmake_args': None, 'cmake_clean_cache': False, 'cmake_clean_first': False, 'cmake_force_configure': False, 'cmake_target': None, 'cmake_target_skip_unavailable': False, 'install_base': '/home/oscar/robot_ws/install/rplidar_ros', 'merge_install': False, 'path': '/home/oscar/robot_ws/src/rplidar_ros2', 'symlink_install': True, 'test_result_base': None}
[3.088s] INFO:colcon.colcon_core.executor:Executing jobs using 'parallel' executor
[3.102s] DEBUG:colcon.colcon_parallel_executor.executor.parallel:run_until_complete
[3.103s] INFO:colcon.colcon_ros.task.ament_cmake.build:Building ROS package in '/home/oscar/robot_ws/src/diffdrive_arduino' with build type 'ament_cmake'
[3.104s] INFO:colcon.colcon_cmake.task.cmake.build:Building CMake package in '/home/oscar/robot_ws/src/diffdrive_arduino'
[3.138s] INFO:colcon.colcon_core.plugin_system:Skipping extension 'colcon_core.shell.bat': Not used on non-Windows systems
[3.139s] INFO:colcon.colcon_core.shell:Skip shell extension 'powershell' for command environment: Not usable outside of PowerShell
[3.139s] DEBUG:colcon.colcon_core.shell:Skip shell extension 'dsv' for command environment
[3.163s] INFO:colcon.colcon_ros.task.ament_cmake.build:Building ROS package in '/home/oscar/robot_ws/src/rplidar_ros2' with build type 'ament_cmake'
[3.164s] INFO:colcon.colcon_cmake.task.cmake.build:Building CMake package in '/home/oscar/robot_ws/src/rplidar_ros2'
[3.172s] INFO:colcon.colcon_core.shell:Skip shell extension 'powershell' for command environment: Not usable outside of PowerShell
[3.173s] DEBUG:colcon.colcon_core.shell:Skip shell extension 'dsv' for command environment
[3.205s] DEBUG:colcon.colcon_core.event_handler.log_command:Invoking command in '/home/oscar/robot_ws/build/diffdrive_arduino': CMAKE_PREFIX_PATH=/opt/ros/humble /usr/bin/cmake /home/oscar/robot_ws/src/diffdrive_arduino -DAMENT_CMAKE_SYMLINK_INSTALL=1 -DCMAKE_INSTALL_PREFIX=/home/oscar/robot_ws/install/diffdrive_arduino
[3.230s] DEBUG:colcon.colcon_core.event_handler.log_command:Invoking command in '/home/oscar/robot_ws/build/rplidar_ros': CMAKE_PREFIX_PATH=/opt/ros/humble /usr/bin/cmake /home/oscar/robot_ws/src/rplidar_ros2 -DAMENT_CMAKE_SYMLINK_INSTALL=1 -DCMAKE_INSTALL_PREFIX=/home/oscar/robot_ws/install/rplidar_ros
[13.916s] DEBUG:colcon.colcon_core.event_handler.log_command:Invoked command in '/home/oscar/robot_ws/build/rplidar_ros' returned '0': CMAKE_PREFIX_PATH=/opt/ros/humble /usr/bin/cmake /home/oscar/robot_ws/src/rplidar_ros2 -DAMENT_CMAKE_SYMLINK_INSTALL=1 -DCMAKE_INSTALL_PREFIX=/home/oscar/robot_ws/install/rplidar_ros
[13.930s] DEBUG:colcon.colcon_core.event_handler.log_command:Invoking command in '/home/oscar/robot_ws/build/rplidar_ros': CMAKE_PREFIX_PATH=/opt/ros/humble /usr/bin/cmake --build /home/oscar/robot_ws/build/rplidar_ros -- -j4 -l4
[16.400s] DEBUG:colcon.colcon_core.event_handler.log_command:Invoked command in '/home/oscar/robot_ws/build/diffdrive_arduino' returned '0': CMAKE_PREFIX_PATH=/opt/ros/humble /usr/bin/cmake /home/oscar/robot_ws/src/diffdrive_arduino -DAMENT_CMAKE_SYMLINK_INSTALL=1 -DCMAKE_INSTALL_PREFIX=/home/oscar/robot_ws/install/diffdrive_arduino
[16.410s] DEBUG:colcon.colcon_core.event_handler.log_command:Invoking command in '/home/oscar/robot_ws/build/diffdrive_arduino': CMAKE_PREFIX_PATH=/opt/ros/humble /usr/bin/cmake --build /home/oscar/robot_ws/build/diffdrive_arduino -- -j4 -l4
[39.436s] DEBUG:colcon.colcon_core.event_handler.log_command:Invoked command in '/home/oscar/robot_ws/build/diffdrive_arduino' returned '0': CMAKE_PREFIX_PATH=/opt/ros/humble /usr/bin/cmake --build /home/oscar/robot_ws/build/diffdrive_arduino -- -j4 -l4
[39.611s] DEBUG:colcon.colcon_core.event_handler.log_command:Invoking command in '/home/oscar/robot_ws/build/diffdrive_arduino': CMAKE_PREFIX_PATH=/opt/ros/humble /usr/bin/cmake --install /home/oscar/robot_ws/build/diffdrive_arduino
[40.992s] Level 1:colcon.colcon_core.environment:create_environment_scripts_only(diffdrive_arduino)
[40.996s] DEBUG:colcon.colcon_core.event_handler.log_command:Invoked command in '/home/oscar/robot_ws/build/diffdrive_arduino' returned '0': CMAKE_PREFIX_PATH=/opt/ros/humble /usr/bin/cmake --install /home/oscar/robot_ws/build/diffdrive_arduino
[41.038s] Level 1:colcon.colcon_core.environment:checking '/home/oscar/robot_ws/install/diffdrive_arduino' for CMake module files
[41.042s] Level 1:colcon.colcon_core.environment:checking '/home/oscar/robot_ws/install/diffdrive_arduino' for CMake config files
[41.044s] Level 1:colcon.colcon_core.shell:create_environment_hook('diffdrive_arduino', 'cmake_prefix_path')
[41.051s] INFO:colcon.colcon_core.shell:Creating environment hook '/home/oscar/robot_ws/install/diffdrive_arduino/share/diffdrive_arduino/hook/cmake_prefix_path.ps1'
[41.055s] INFO:colcon.colcon_core.shell:Creating environment descriptor '/home/oscar/robot_ws/install/diffdrive_arduino/share/diffdrive_arduino/hook/cmake_prefix_path.dsv'
[41.058s] INFO:colcon.colcon_core.shell:Creating environment hook '/home/oscar/robot_ws/install/diffdrive_arduino/share/diffdrive_arduino/hook/cmake_prefix_path.sh'
[41.064s] Level 1:colcon.colcon_core.environment:checking '/home/oscar/robot_ws/install/diffdrive_arduino/lib'
[41.065s] Level 1:colcon.colcon_core.shell:create_environment_hook('diffdrive_arduino', 'ld_library_path_lib')
[41.073s] INFO:colcon.colcon_core.shell:Creating environment hook '/home/oscar/robot_ws/install/diffdrive_arduino/share/diffdrive_arduino/hook/ld_library_path_lib.ps1'
[41.075s] INFO:colcon.colcon_core.shell:Creating environment descriptor '/home/oscar/robot_ws/install/diffdrive_arduino/share/diffdrive_arduino/hook/ld_library_path_lib.dsv'
[41.077s] INFO:colcon.colcon_core.shell:Creating environment hook '/home/oscar/robot_ws/install/diffdrive_arduino/share/diffdrive_arduino/hook/ld_library_path_lib.sh'
[41.079s] Level 1:colcon.colcon_core.environment:checking '/home/oscar/robot_ws/install/diffdrive_arduino/bin'
[41.079s] Level 1:colcon.colcon_core.environment:checking '/home/oscar/robot_ws/install/diffdrive_arduino/lib/pkgconfig/diffdrive_arduino.pc'
[41.080s] Level 1:colcon.colcon_core.environment:checking '/home/oscar/robot_ws/install/diffdrive_arduino/lib/python3.10/site-packages'
[41.082s] Level 1:colcon.colcon_core.environment:checking '/home/oscar/robot_ws/install/diffdrive_arduino/bin'
[41.089s] INFO:colcon.colcon_core.shell:Creating package script '/home/oscar/robot_ws/install/diffdrive_arduino/share/diffdrive_arduino/package.ps1'
[41.094s] INFO:colcon.colcon_core.shell:Creating package descriptor '/home/oscar/robot_ws/install/diffdrive_arduino/share/diffdrive_arduino/package.dsv'
[41.099s] INFO:colcon.colcon_core.shell:Creating package script '/home/oscar/robot_ws/install/diffdrive_arduino/share/diffdrive_arduino/package.sh'
[41.104s] INFO:colcon.colcon_core.shell:Creating package script '/home/oscar/robot_ws/install/diffdrive_arduino/share/diffdrive_arduino/package.bash'
[41.109s] INFO:colcon.colcon_core.shell:Creating package script '/home/oscar/robot_ws/install/diffdrive_arduino/share/diffdrive_arduino/package.zsh'
[41.114s] Level 1:colcon.colcon_core.environment:create_file_with_runtime_dependencies(/home/oscar/robot_ws/install/diffdrive_arduino/share/colcon-core/packages/diffdrive_arduino)
[41.259s] Level 1:colcon.colcon_core.environment:create_environment_scripts_only(diffdrive_arduino)
[41.270s] Level 1:colcon.colcon_core.environment:checking '/home/oscar/robot_ws/install/diffdrive_arduino' for CMake module files
[41.274s] Level 1:colcon.colcon_core.environment:checking '/home/oscar/robot_ws/install/diffdrive_arduino' for CMake config files
[41.276s] Level 1:colcon.colcon_core.shell:create_environment_hook('diffdrive_arduino', 'cmake_prefix_path')
[41.284s] INFO:colcon.colcon_core.shell:Creating environment hook '/home/oscar/robot_ws/install/diffdrive_arduino/share/diffdrive_arduino/hook/cmake_prefix_path.ps1'
[41.286s] INFO:colcon.colcon_core.shell:Creating environment descriptor '/home/oscar/robot_ws/install/diffdrive_arduino/share/diffdrive_arduino/hook/cmake_prefix_path.dsv'
[41.288s] INFO:colcon.colcon_core.shell:Creating environment hook '/home/oscar/robot_ws/install/diffdrive_arduino/share/diffdrive_arduino/hook/cmake_prefix_path.sh'
[41.292s] Level 1:colcon.colcon_core.environment:checking '/home/oscar/robot_ws/install/diffdrive_arduino/lib'
[41.292s] Level 1:colcon.colcon_core.shell:create_environment_hook('diffdrive_arduino', 'ld_library_path_lib')
[41.299s] INFO:colcon.colcon_core.shell:Creating environment hook '/home/oscar/robot_ws/install/diffdrive_arduino/share/diffdrive_arduino/hook/ld_library_path_lib.ps1'
[41.303s] INFO:colcon.colcon_core.shell:Creating environment descriptor '/home/oscar/robot_ws/install/diffdrive_arduino/share/diffdrive_arduino/hook/ld_library_path_lib.dsv'
[41.305s] INFO:colcon.colcon_core.shell:Creating environment hook '/home/oscar/robot_ws/install/diffdrive_arduino/share/diffdrive_arduino/hook/ld_library_path_lib.sh'
[41.307s] Level 1:colcon.colcon_core.environment:checking '/home/oscar/robot_ws/install/diffdrive_arduino/bin'
[41.308s] Level 1:colcon.colcon_core.environment:checking '/home/oscar/robot_ws/install/diffdrive_arduino/lib/pkgconfig/diffdrive_arduino.pc'
[41.309s] Level 1:colcon.colcon_core.environment:checking '/home/oscar/robot_ws/install/diffdrive_arduino/lib/python3.10/site-packages'
[41.310s] Level 1:colcon.colcon_core.environment:checking '/home/oscar/robot_ws/install/diffdrive_arduino/bin'
[41.318s] INFO:colcon.colcon_core.shell:Creating package script '/home/oscar/robot_ws/install/diffdrive_arduino/share/diffdrive_arduino/package.ps1'
[41.321s] INFO:colcon.colcon_core.shell:Creating package descriptor '/home/oscar/robot_ws/install/diffdrive_arduino/share/diffdrive_arduino/package.dsv'
[41.324s] INFO:colcon.colcon_core.shell:Creating package script '/home/oscar/robot_ws/install/diffdrive_arduino/share/diffdrive_arduino/package.sh'
[41.327s] INFO:colcon.colcon_core.shell:Creating package script '/home/oscar/robot_ws/install/diffdrive_arduino/share/diffdrive_arduino/package.bash'
[41.330s] INFO:colcon.colcon_core.shell:Creating package script '/home/oscar/robot_ws/install/diffdrive_arduino/share/diffdrive_arduino/package.zsh'
[41.332s] Level 1:colcon.colcon_core.environment:create_file_with_runtime_dependencies(/home/oscar/robot_ws/install/diffdrive_arduino/share/colcon-core/packages/diffdrive_arduino)
[62.613s] DEBUG:colcon.colcon_core.event_handler.log_command:Invoked command in '/home/oscar/robot_ws/build/rplidar_ros' returned '0': CMAKE_PREFIX_PATH=/opt/ros/humble /usr/bin/cmake --build /home/oscar/robot_ws/build/rplidar_ros -- -j4 -l4
[62.838s] DEBUG:colcon.colcon_core.event_handler.log_command:Invoking command in '/home/oscar/robot_ws/build/rplidar_ros': CMAKE_PREFIX_PATH=/opt/ros/humble /usr/bin/cmake --install /home/oscar/robot_ws/build/rplidar_ros
[63.989s] Level 1:colcon.colcon_core.environment:create_environment_scripts_only(rplidar_ros)
[64.001s] Level 1:colcon.colcon_core.environment:checking '/home/oscar/robot_ws/install/rplidar_ros' for CMake module files
[64.002s] DEBUG:colcon.colcon_core.event_handler.log_command:Invoked command in '/home/oscar/robot_ws/build/rplidar_ros' returned '0': CMAKE_PREFIX_PATH=/opt/ros/humble /usr/bin/cmake --install /home/oscar/robot_ws/build/rplidar_ros
[64.006s] Level 1:colcon.colcon_core.environment:checking '/home/oscar/robot_ws/install/rplidar_ros' for CMake config files
[64.008s] Level 1:colcon.colcon_core.shell:create_environment_hook('rplidar_ros', 'cmake_prefix_path')
[64.014s] INFO:colcon.colcon_core.shell:Creating environment hook '/home/oscar/robot_ws/install/rplidar_ros/share/rplidar_ros/hook/cmake_prefix_path.ps1'
[64.016s] INFO:colcon.colcon_core.shell:Creating environment descriptor '/home/oscar/robot_ws/install/rplidar_ros/share/rplidar_ros/hook/cmake_prefix_path.dsv'
[64.018s] INFO:colcon.colcon_core.shell:Creating environment hook '/home/oscar/robot_ws/install/rplidar_ros/share/rplidar_ros/hook/cmake_prefix_path.sh'
[64.020s] Level 1:colcon.colcon_core.environment:checking '/home/oscar/robot_ws/install/rplidar_ros/lib'
[64.021s] Level 1:colcon.colcon_core.shell:create_environment_hook('rplidar_ros', 'ld_library_path_lib')
[64.026s] INFO:colcon.colcon_core.shell:Creating environment hook '/home/oscar/robot_ws/install/rplidar_ros/share/rplidar_ros/hook/ld_library_path_lib.ps1'
[64.028s] INFO:colcon.colcon_core.shell:Creating environment descriptor '/home/oscar/robot_ws/install/rplidar_ros/share/rplidar_ros/hook/ld_library_path_lib.dsv'
[64.029s] INFO:colcon.colcon_core.shell:Creating environment hook '/home/oscar/robot_ws/install/rplidar_ros/share/rplidar_ros/hook/ld_library_path_lib.sh'
[64.031s] Level 1:colcon.colcon_core.environment:checking '/home/oscar/robot_ws/install/rplidar_ros/bin'
[64.031s] Level 1:colcon.colcon_core.environment:checking '/home/oscar/robot_ws/install/rplidar_ros/lib/pkgconfig/rplidar_ros.pc'
[64.032s] Level 1:colcon.colcon_core.environment:checking '/home/oscar/robot_ws/install/rplidar_ros/lib/python3.10/site-packages'
[64.033s] Level 1:colcon.colcon_core.environment:checking '/home/oscar/robot_ws/install/rplidar_ros/bin'
[64.039s] INFO:colcon.colcon_core.shell:Creating package script '/home/oscar/robot_ws/install/rplidar_ros/share/rplidar_ros/package.ps1'
[64.041s] INFO:colcon.colcon_core.shell:Creating package descriptor '/home/oscar/robot_ws/install/rplidar_ros/share/rplidar_ros/package.dsv'
[64.044s] INFO:colcon.colcon_core.shell:Creating package script '/home/oscar/robot_ws/install/rplidar_ros/share/rplidar_ros/package.sh'
[64.045s] INFO:colcon.colcon_core.shell:Creating package script '/home/oscar/robot_ws/install/rplidar_ros/share/rplidar_ros/package.bash'
[64.047s] INFO:colcon.colcon_core.shell:Creating package script '/home/oscar/robot_ws/install/rplidar_ros/share/rplidar_ros/package.zsh'
[64.048s] Level 1:colcon.colcon_core.environment:create_file_with_runtime_dependencies(/home/oscar/robot_ws/install/rplidar_ros/share/colcon-core/packages/rplidar_ros)
[64.267s] Level 1:colcon.colcon_core.environment:create_environment_scripts_only(rplidar_ros)
[64.277s] Level 1:colcon.colcon_core.environment:checking '/home/oscar/robot_ws/install/rplidar_ros' for CMake module files
[64.281s] Level 1:colcon.colcon_core.environment:checking '/home/oscar/robot_ws/install/rplidar_ros' for CMake config files
[64.283s] Level 1:colcon.colcon_core.shell:create_environment_hook('rplidar_ros', 'cmake_prefix_path')
[64.289s] INFO:colcon.colcon_core.shell:Creating environment hook '/home/oscar/robot_ws/install/rplidar_ros/share/rplidar_ros/hook/cmake_prefix_path.ps1'
[64.291s] INFO:colcon.colcon_core.shell:Creating environment descriptor '/home/oscar/robot_ws/install/rplidar_ros/share/rplidar_ros/hook/cmake_prefix_path.dsv'
[64.293s] INFO:colcon.colcon_core.shell:Creating environment hook '/home/oscar/robot_ws/install/rplidar_ros/share/rplidar_ros/hook/cmake_prefix_path.sh'
[64.295s] Level 1:colcon.colcon_core.environment:checking '/home/oscar/robot_ws/install/rplidar_ros/lib'
[64.296s] Level 1:colcon.colcon_core.shell:create_environment_hook('rplidar_ros', 'ld_library_path_lib')
[64.301s] INFO:colcon.colcon_core.shell:Creating environment hook '/home/oscar/robot_ws/install/rplidar_ros/share/rplidar_ros/hook/ld_library_path_lib.ps1'
[64.303s] INFO:colcon.colcon_core.shell:Creating environment descriptor '/home/oscar/robot_ws/install/rplidar_ros/share/rplidar_ros/hook/ld_library_path_lib.dsv'
[64.306s] INFO:colcon.colcon_core.shell:Creating environment hook '/home/oscar/robot_ws/install/rplidar_ros/share/rplidar_ros/hook/ld_library_path_lib.sh'
[64.307s] Level 1:colcon.colcon_core.environment:checking '/home/oscar/robot_ws/install/rplidar_ros/bin'
[64.308s] Level 1:colcon.colcon_core.environment:checking '/home/oscar/robot_ws/install/rplidar_ros/lib/pkgconfig/rplidar_ros.pc'
[64.309s] Level 1:colcon.colcon_core.environment:checking '/home/oscar/robot_ws/install/rplidar_ros/lib/python3.10/site-packages'
[64.310s] Level 1:colcon.colcon_core.environment:checking '/home/oscar/robot_ws/install/rplidar_ros/bin'
[64.316s] INFO:colcon.colcon_core.shell:Creating package script '/home/oscar/robot_ws/install/rplidar_ros/share/rplidar_ros/package.ps1'
[64.318s] INFO:colcon.colcon_core.shell:Creating package descriptor '/home/oscar/robot_ws/install/rplidar_ros/share/rplidar_ros/package.dsv'
[64.321s] INFO:colcon.colcon_core.shell:Creating package script '/home/oscar/robot_ws/install/rplidar_ros/share/rplidar_ros/package.sh'
[64.323s] INFO:colcon.colcon_core.shell:Creating package script '/home/oscar/robot_ws/install/rplidar_ros/share/rplidar_ros/package.bash'
[64.325s] INFO:colcon.colcon_core.shell:Creating package script '/home/oscar/robot_ws/install/rplidar_ros/share/rplidar_ros/package.zsh'
[64.327s] Level 1:colcon.colcon_core.environment:create_file_with_runtime_dependencies(/home/oscar/robot_ws/install/rplidar_ros/share/colcon-core/packages/rplidar_ros)
[64.328s] DEBUG:colcon.colcon_parallel_executor.executor.parallel:closing loop
[64.330s] DEBUG:colcon.colcon_parallel_executor.executor.parallel:loop closed
[64.331s] DEBUG:colcon.colcon_parallel_executor.executor.parallel:run_until_complete finished with '0'
[64.331s] DEBUG:colcon.colcon_core.event_reactor:joining thread
[64.363s] INFO:colcon.colcon_core.plugin_system:Skipping extension 'colcon_notification.desktop_notification.terminal_notifier': Not used on non-Darwin systems
[64.364s] INFO:colcon.colcon_core.plugin_system:Skipping extension 'colcon_notification.desktop_notification.win32': Not used on non-Windows systems
[64.364s] INFO:colcon.colcon_notification.desktop_notification:Sending desktop notification using 'notify2'
[64.422s] DEBUG:colcon.colcon_core.event_reactor:joined thread
[64.428s] INFO:colcon.colcon_core.shell:Creating prefix script '/home/oscar/robot_ws/install/local_setup.ps1'
[64.433s] INFO:colcon.colcon_core.shell:Creating prefix util module '/home/oscar/robot_ws/install/_local_setup_util_ps1.py'
[64.441s] INFO:colcon.colcon_core.shell:Creating prefix chain script '/home/oscar/robot_ws/install/setup.ps1'
[64.448s] INFO:colcon.colcon_core.shell:Creating prefix script '/home/oscar/robot_ws/install/local_setup.sh'
[64.451s] INFO:colcon.colcon_core.shell:Creating prefix util module '/home/oscar/robot_ws/install/_local_setup_util_sh.py'
[64.453s] INFO:colcon.colcon_core.shell:Creating prefix chain script '/home/oscar/robot_ws/install/setup.sh'
[64.460s] INFO:colcon.colcon_core.shell:Creating prefix script '/home/oscar/robot_ws/install/local_setup.bash'
[64.463s] INFO:colcon.colcon_core.shell:Creating prefix chain script '/home/oscar/robot_ws/install/setup.bash'
[64.470s] INFO:colcon.colcon_core.shell:Creating prefix script '/home/oscar/robot_ws/install/local_setup.zsh'
[64.472s] INFO:colcon.colcon_core.shell:Creating prefix chain script '/home/oscar/robot_ws/install/setup.zsh'
