[0.098s] Invoking command in '/home/oscar/robot_ws/build/diffdrive_arduino': CMAKE_PREFIX_PATH=/opt/ros/humble /usr/bin/cmake /home/oscar/robot_ws/src/diffdrive_arduino -DAMENT_CMAKE_SYMLINK_INSTALL=1 -DCMAKE_INSTALL_PREFIX=/home/oscar/robot_ws/install/diffdrive_arduino
[1.514s] -- The CXX compiler identification is GNU 11.3.0
[1.564s] -- Detecting CXX compiler ABI info
[1.988s] -- Detecting CXX compiler ABI info - done
[2.018s] -- Check for working CXX compiler: /usr/bin/c++ - skipped
[2.021s] -- Detecting CXX compile features
[2.024s] -- Detecting CXX compile features - done
[2.065s] -- Found ament_cmake: 1.3.4 (/opt/ros/humble/share/ament_cmake/cmake)
[3.091s] -- Found Python3: /usr/bin/python3.10 (found version "3.10.6") found components: Interpreter 
[3.474s] -- Override CMake install command with custom implementation using symlinks instead of copying resources
[3.873s] -- Found hardware_interface: 2.26.0 (/opt/ros/humble/share/hardware_interface/cmake)
[4.365s] -- Found rosidl_generator_c: 3.1.4 (/opt/ros/humble/share/rosidl_generator_c/cmake)
[4.425s] -- Found rosidl_adapter: 3.1.4 (/opt/ros/humble/share/rosidl_adapter/cmake)
[4.517s] -- Found rosidl_generator_cpp: 3.1.4 (/opt/ros/humble/share/rosidl_generator_cpp/cmake)
[4.647s] -- Using all available rosidl_typesupport_c: rosidl_typesupport_fastrtps_c;rosidl_typesupport_introspection_c
[4.820s] -- Using all available rosidl_typesupport_cpp: rosidl_typesupport_fastrtps_cpp;rosidl_typesupport_introspection_cpp
[8.586s] -- Found rmw_implementation_cmake: 6.1.1 (/opt/ros/humble/share/rmw_implementation_cmake/cmake)
[8.612s] -- Found rmw_fastrtps_cpp: 6.2.2 (/opt/ros/humble/share/rmw_fastrtps_cpp/cmake)
[9.285s] -- Found OpenSSL: /usr/lib/aarch64-linux-gnu/libcrypto.so (found version "3.0.2")  
[9.579s] -- Found FastRTPS: /opt/ros/humble/include  
[10.086s] -- Using RMW implementation 'rmw_fastrtps_cpp' as default
[10.177s] -- Looking for C++ include pthread.h
[10.604s] -- Looking for C++ include pthread.h - found
[10.605s] -- Performing Test CMAKE_HAVE_LIBC_PTHREAD
[11.049s] -- Performing Test CMAKE_HAVE_LIBC_PTHREAD - Success
[11.056s] -- Found Threads: TRUE  
[12.327s] -- Found ament_cmake_gtest: 1.3.4 (/opt/ros/humble/share/ament_cmake_gtest/cmake)
[12.775s] -- Configuring done
[13.215s] -- Generating done
[13.228s] -- Build files have been written to: /home/oscar/robot_ws/build/diffdrive_arduino
[13.294s] Invoked command in '/home/oscar/robot_ws/build/diffdrive_arduino' returned '0': CMAKE_PREFIX_PATH=/opt/ros/humble /usr/bin/cmake /home/oscar/robot_ws/src/diffdrive_arduino -DAMENT_CMAKE_SYMLINK_INSTALL=1 -DCMAKE_INSTALL_PREFIX=/home/oscar/robot_ws/install/diffdrive_arduino
[13.304s] Invoking command in '/home/oscar/robot_ws/build/diffdrive_arduino': CMAKE_PREFIX_PATH=/opt/ros/humble /usr/bin/cmake --build /home/oscar/robot_ws/build/diffdrive_arduino -- -j4 -l4
[13.687s] [ 50%] [32mBuilding CXX object CMakeFiles/diffdrive_arduino.dir/hardware/diffbot_system.cpp.o[0m
[35.121s] [100%] [32m[1mLinking CXX shared library libdiffdrive_arduino.so[0m
[36.284s] [100%] Built target diffdrive_arduino
[36.329s] Invoked command in '/home/oscar/robot_ws/build/diffdrive_arduino' returned '0': CMAKE_PREFIX_PATH=/opt/ros/humble /usr/bin/cmake --build /home/oscar/robot_ws/build/diffdrive_arduino -- -j4 -l4
[36.504s] Invoking command in '/home/oscar/robot_ws/build/diffdrive_arduino': CMAKE_PREFIX_PATH=/opt/ros/humble /usr/bin/cmake --install /home/oscar/robot_ws/build/diffdrive_arduino
[36.535s] -- Install configuration: ""
[36.537s] -- Execute custom install script
[36.539s] -- Symlinking: /home/oscar/robot_ws/install/diffdrive_arduino/share/diffdrive_arduino//diffdrive_arduino.xml
[36.580s] -- Symlinking: /home/oscar/robot_ws/install/diffdrive_arduino/include/diffdrive_arduino/diffdrive_arduino/arduino_comms.hpp
[36.616s] -- Symlinking: /home/oscar/robot_ws/install/diffdrive_arduino/include/diffdrive_arduino/diffdrive_arduino/diffbot_system.hpp
[36.651s] -- Symlinking: /home/oscar/robot_ws/install/diffdrive_arduino/include/diffdrive_arduino/diffdrive_arduino/visibility_control.h
[36.687s] -- Symlinking: /home/oscar/robot_ws/install/diffdrive_arduino/include/diffdrive_arduino/diffdrive_arduino/wheel.hpp
[36.724s] -- Symlinking: /home/oscar/robot_ws/install/diffdrive_arduino/share/diffdrive_arduino/launch/view_robot.launch.py
[36.761s] -- Symlinking: /home/oscar/robot_ws/install/diffdrive_arduino/share/diffdrive_arduino/ros2_control/diffbot.ros2_control.xacro
[36.798s] -- Symlinking: /home/oscar/robot_ws/install/diffdrive_arduino/share/diffdrive_arduino/urdf/diffbot.materials.xacro
[36.834s] -- Symlinking: /home/oscar/robot_ws/install/diffdrive_arduino/share/diffdrive_arduino/urdf/diffbot.urdf.xacro
[36.872s] -- Symlinking: /home/oscar/robot_ws/install/diffdrive_arduino/share/diffdrive_arduino/urdf/diffbot_description.urdf.xacro
[36.908s] -- Symlinking: /home/oscar/robot_ws/install/diffdrive_arduino/share/diffdrive_arduino/urdf/inertial_macros.xacro
[36.944s] -- Symlinking: /home/oscar/robot_ws/install/diffdrive_arduino/share/diffdrive_arduino/urdf/lidar.xacro
[36.983s] -- Symlinking: /home/oscar/robot_ws/install/diffdrive_arduino/share/diffdrive_arduino/rviz/diffbot.rviz
[37.020s] -- Symlinking: /home/oscar/robot_ws/install/diffdrive_arduino/share/diffdrive_arduino/rviz/diffbot_view.rviz
[37.057s] -- Symlinking: /home/oscar/robot_ws/install/diffdrive_arduino/share/diffdrive_arduino/launch/diffbot.launch.py
[37.095s] -- Symlinking: /home/oscar/robot_ws/install/diffdrive_arduino/share/diffdrive_arduino/config/diffbot_controllers.yaml
[37.131s] -- Symlinking: /home/oscar/robot_ws/install/diffdrive_arduino/share/diffdrive_arduino/environment/library_path.sh
[37.168s] -- Symlinking: /home/oscar/robot_ws/install/diffdrive_arduino/share/diffdrive_arduino/environment/library_path.dsv
[37.205s] -- Symlinking: /home/oscar/robot_ws/install/diffdrive_arduino/share/ament_index/resource_index/package_run_dependencies/diffdrive_arduino
[37.242s] -- Symlinking: /home/oscar/robot_ws/install/diffdrive_arduino/share/ament_index/resource_index/parent_prefix_path/diffdrive_arduino
[37.281s] -- Symlinking: /home/oscar/robot_ws/install/diffdrive_arduino/share/diffdrive_arduino/environment/ament_prefix_path.sh
[37.320s] -- Symlinking: /home/oscar/robot_ws/install/diffdrive_arduino/share/diffdrive_arduino/environment/ament_prefix_path.dsv
[37.356s] -- Symlinking: /home/oscar/robot_ws/install/diffdrive_arduino/share/diffdrive_arduino/environment/path.sh
[37.393s] -- Symlinking: /home/oscar/robot_ws/install/diffdrive_arduino/share/diffdrive_arduino/environment/path.dsv
[37.428s] -- Symlinking: /home/oscar/robot_ws/install/diffdrive_arduino/share/diffdrive_arduino/local_setup.bash
[37.466s] -- Symlinking: /home/oscar/robot_ws/install/diffdrive_arduino/share/diffdrive_arduino/local_setup.sh
[37.501s] -- Symlinking: /home/oscar/robot_ws/install/diffdrive_arduino/share/diffdrive_arduino/local_setup.zsh
[37.538s] -- Symlinking: /home/oscar/robot_ws/install/diffdrive_arduino/share/diffdrive_arduino/local_setup.dsv
[37.575s] -- Symlinking: /home/oscar/robot_ws/install/diffdrive_arduino/share/diffdrive_arduino/package.dsv
[37.612s] -- Symlinking: /home/oscar/robot_ws/install/diffdrive_arduino/share/ament_index/resource_index/packages/diffdrive_arduino
[37.648s] -- Symlinking: /home/oscar/robot_ws/install/diffdrive_arduino/share/ament_index/resource_index/hardware_interface__pluginlib__plugin/diffdrive_arduino
[37.685s] -- Symlinking: /home/oscar/robot_ws/install/diffdrive_arduino/share/diffdrive_arduino/cmake/ament_cmake_export_targets-extras.cmake
[37.722s] -- Symlinking: /home/oscar/robot_ws/install/diffdrive_arduino/share/diffdrive_arduino/cmake/ament_cmake_export_dependencies-extras.cmake
[37.759s] -- Symlinking: /home/oscar/robot_ws/install/diffdrive_arduino/share/diffdrive_arduino/cmake/diffdrive_arduinoConfig.cmake
[37.795s] -- Symlinking: /home/oscar/robot_ws/install/diffdrive_arduino/share/diffdrive_arduino/cmake/diffdrive_arduinoConfig-version.cmake
[37.831s] -- Symlinking: /home/oscar/robot_ws/install/diffdrive_arduino/share/diffdrive_arduino/package.xml
[37.868s] -- Installing: /home/oscar/robot_ws/install/diffdrive_arduino/lib/libdiffdrive_arduino.so
[37.876s] -- Set runtime path of "/home/oscar/robot_ws/install/diffdrive_arduino/lib/libdiffdrive_arduino.so" to ""
[37.877s] -- Installing: /home/oscar/robot_ws/install/diffdrive_arduino/share/diffdrive_arduino/cmake/export_diffdrive_arduinoExport.cmake
[37.879s] -- Installing: /home/oscar/robot_ws/install/diffdrive_arduino/share/diffdrive_arduino/cmake/export_diffdrive_arduinoExport-noconfig.cmake
[37.889s] Invoked command in '/home/oscar/robot_ws/build/diffdrive_arduino' returned '0': CMAKE_PREFIX_PATH=/opt/ros/humble /usr/bin/cmake --install /home/oscar/robot_ws/build/diffdrive_arduino
